2024-03-29T11:31:27.899+08:00  INFO 30088 --- [restartedMain] com.umbrella.demo.App                    : Starting App using Java 17.0.10 with PID 30088 (/Users/apple/Workspace/umbrella-parent/umbrella-chapter/umbrella-boot/umbrella-demo/target/classes started by apple in /Users/apple/Workspace/umbrella-parent)
2024-03-29T11:31:27.904+08:00  INFO 30088 --- [restartedMain] com.umbrella.demo.App                    : No active profile set, falling back to 1 default profile: "default"
2024-03-29T11:31:27.960+08:00  INFO 30088 --- [restartedMain] .e.DevToolsPropertyDefaultsPostProcessor : Devtools property defaults active! Set 'spring.devtools.add-properties' to 'false' to disable
2024-03-29T11:31:27.961+08:00  INFO 30088 --- [restartedMain] .e.DevToolsPropertyDefaultsPostProcessor : For additional web related logging consider setting the 'logging.level.web' property to 'DEBUG'
2024-03-29T11:31:28.988+08:00  INFO 30088 --- [restartedMain] .s.d.r.c.RepositoryConfigurationDelegate : Multiple Spring Data modules found, entering strict repository configuration mode
2024-03-29T11:31:29.009+08:00  INFO 30088 --- [restartedMain] .s.d.r.c.RepositoryConfigurationDelegate : Bootstrapping Spring Data Elasticsearch repositories in DEFAULT mode.
2024-03-29T11:31:29.050+08:00  INFO 30088 --- [restartedMain] .RepositoryConfigurationExtensionSupport : Spring Data Elasticsearch - Could not safely identify store assignment for repository candidate interface com.umbrella.demo.repository.EnvironmentRepository; If you want this repository to be a Elasticsearch repository, consider annotating your entities with one of these annotations: org.springframework.data.elasticsearch.annotations.Document (preferred), or consider extending one of the following types with your repository: org.springframework.data.elasticsearch.repository.ElasticsearchRepository, org.springframework.data.elasticsearch.repository.ElasticsearchRepository
2024-03-29T11:31:29.051+08:00  INFO 30088 --- [restartedMain] .s.d.r.c.RepositoryConfigurationDelegate : Finished Spring Data repository scanning in 36 ms. Found 0 Elasticsearch repository interfaces.
2024-03-29T11:31:29.056+08:00  INFO 30088 --- [restartedMain] .s.d.r.c.RepositoryConfigurationDelegate : Multiple Spring Data modules found, entering strict repository configuration mode
2024-03-29T11:31:29.057+08:00  INFO 30088 --- [restartedMain] .s.d.r.c.RepositoryConfigurationDelegate : Bootstrapping Spring Data Reactive Elasticsearch repositories in DEFAULT mode.
2024-03-29T11:31:29.064+08:00  INFO 30088 --- [restartedMain] .RepositoryConfigurationExtensionSupport : Spring Data Reactive Elasticsearch - Could not safely identify store assignment for repository candidate interface com.umbrella.demo.repository.EnvironmentRepository; If you want this repository to be a Reactive Elasticsearch repository, consider annotating your entities with one of these annotations: org.springframework.data.elasticsearch.annotations.Document (preferred), or consider extending one of the following types with your repository: org.springframework.data.elasticsearch.repository.ReactiveElasticsearchRepository
2024-03-29T11:31:29.065+08:00  INFO 30088 --- [restartedMain] .s.d.r.c.RepositoryConfigurationDelegate : Finished Spring Data repository scanning in 7 ms. Found 0 Reactive Elasticsearch repository interfaces.
2024-03-29T11:31:29.090+08:00  INFO 30088 --- [restartedMain] .s.d.r.c.RepositoryConfigurationDelegate : Multiple Spring Data modules found, entering strict repository configuration mode
2024-03-29T11:31:29.090+08:00  INFO 30088 --- [restartedMain] .s.d.r.c.RepositoryConfigurationDelegate : Bootstrapping Spring Data JDBC repositories in DEFAULT mode.
2024-03-29T11:31:29.095+08:00  INFO 30088 --- [restartedMain] .RepositoryConfigurationExtensionSupport : Spring Data JDBC - Could not safely identify store assignment for repository candidate interface com.umbrella.demo.repository.EnvironmentRepository; If you want this repository to be a JDBC repository, consider annotating your entities with one of these annotations: org.springframework.data.relational.core.mapping.Table.
2024-03-29T11:31:29.095+08:00  INFO 30088 --- [restartedMain] .s.d.r.c.RepositoryConfigurationDelegate : Finished Spring Data repository scanning in 5 ms. Found 0 JDBC repository interfaces.
2024-03-29T11:31:29.118+08:00  INFO 30088 --- [restartedMain] .s.d.r.c.RepositoryConfigurationDelegate : Multiple Spring Data modules found, entering strict repository configuration mode
2024-03-29T11:31:29.119+08:00  INFO 30088 --- [restartedMain] .s.d.r.c.RepositoryConfigurationDelegate : Bootstrapping Spring Data MongoDB repositories in DEFAULT mode.
2024-03-29T11:31:29.239+08:00  INFO 30088 --- [restartedMain] .s.d.r.c.RepositoryConfigurationDelegate : Finished Spring Data repository scanning in 120 ms. Found 1 MongoDB repository interfaces.
2024-03-29T11:31:29.256+08:00  INFO 30088 --- [restartedMain] .s.d.r.c.RepositoryConfigurationDelegate : Multiple Spring Data modules found, entering strict repository configuration mode
2024-03-29T11:31:29.257+08:00  INFO 30088 --- [restartedMain] .s.d.r.c.RepositoryConfigurationDelegate : Bootstrapping Spring Data Redis repositories in DEFAULT mode.
2024-03-29T11:31:29.270+08:00  INFO 30088 --- [restartedMain] .RepositoryConfigurationExtensionSupport : Spring Data Redis - Could not safely identify store assignment for repository candidate interface com.umbrella.demo.repository.EnvironmentRepository; If you want this repository to be a Redis repository, consider annotating your entities with one of these annotations: org.springframework.data.redis.core.RedisHash (preferred), or consider extending one of the following types with your repository: org.springframework.data.keyvalue.repository.KeyValueRepository
2024-03-29T11:31:29.270+08:00  INFO 30088 --- [restartedMain] .s.d.r.c.RepositoryConfigurationDelegate : Finished Spring Data repository scanning in 5 ms. Found 0 Redis repository interfaces.
2024-03-29T11:31:29.832+08:00  INFO 30088 --- [restartedMain] trationDelegate$BeanPostProcessorChecker : Bean 'spring.datasource.dynamic-com.baomidou.dynamic.datasource.spring.boot.autoconfigure.DynamicDataSourceProperties' of type [com.baomidou.dynamic.datasource.spring.boot.autoconfigure.DynamicDataSourceProperties] is not eligible for getting processed by all BeanPostProcessors (for example: not eligible for auto-proxying)
2024-03-29T11:31:29.838+08:00  INFO 30088 --- [restartedMain] trationDelegate$BeanPostProcessorChecker : Bean 'com.baomidou.dynamic.datasource.spring.boot.autoconfigure.DynamicDataSourceAopConfiguration' of type [com.baomidou.dynamic.datasource.spring.boot.autoconfigure.DynamicDataSourceAopConfiguration$$SpringCGLIB$$0] is not eligible for getting processed by all BeanPostProcessors (for example: not eligible for auto-proxying)
2024-03-29T11:31:29.847+08:00  INFO 30088 --- [restartedMain] trationDelegate$BeanPostProcessorChecker : Bean 'dsProcessor' of type [com.baomidou.dynamic.datasource.processor.DsJakartaHeaderProcessor] is not eligible for getting processed by all BeanPostProcessors (for example: not eligible for auto-proxying)
2024-03-29T11:31:29.852+08:00  INFO 30088 --- [restartedMain] trationDelegate$BeanPostProcessorChecker : Bean 'org.apache.rocketmq.spring.autoconfigure.ListenerContainerConfiguration' of type [org.apache.rocketmq.spring.autoconfigure.ListenerContainerConfiguration$$SpringCGLIB$$0] is not eligible for getting processed by all BeanPostProcessors (for example: not eligible for auto-proxying)
2024-03-29T11:31:29.854+08:00  INFO 30088 --- [restartedMain] trationDelegate$BeanPostProcessorChecker : Bean 'org.apache.rocketmq.spring.autoconfigure.MessageConverterConfiguration' of type [org.apache.rocketmq.spring.autoconfigure.MessageConverterConfiguration$$SpringCGLIB$$0] is not eligible for getting processed by all BeanPostProcessors (for example: not eligible for auto-proxying)
2024-03-29T11:31:29.925+08:00  INFO 30088 --- [restartedMain] trationDelegate$BeanPostProcessorChecker : Bean 'createRocketMQMessageConverter' of type [org.apache.rocketmq.spring.support.RocketMQMessageConverter] is not eligible for getting processed by all BeanPostProcessors (for example: not eligible for auto-proxying)
2024-03-29T11:31:29.931+08:00  INFO 30088 --- [restartedMain] trationDelegate$BeanPostProcessorChecker : Bean 'rocketmq-org.apache.rocketmq.spring.autoconfigure.RocketMQProperties' of type [org.apache.rocketmq.spring.autoconfigure.RocketMQProperties] is not eligible for getting processed by all BeanPostProcessors (for example: not eligible for auto-proxying)
2024-03-29T11:31:29.936+08:00  INFO 30088 --- [restartedMain] trationDelegate$BeanPostProcessorChecker : Bean 'rocketMQMessageListenerContainerRegistrar' of type [org.apache.rocketmq.spring.support.RocketMQMessageListenerContainerRegistrar] is not eligible for getting processed by all BeanPostProcessors (for example: not eligible for auto-proxying)
2024-03-29T11:31:30.351+08:00  INFO 30088 --- [restartedMain] o.s.b.w.embedded.tomcat.TomcatWebServer  : Tomcat initialized with port(s): 4001 (http)
2024-03-29T11:31:30.361+08:00  INFO 30088 --- [restartedMain] o.apache.catalina.core.StandardService   : Starting service [Tomcat]
2024-03-29T11:31:30.361+08:00  INFO 30088 --- [restartedMain] o.apache.catalina.core.StandardEngine    : Starting Servlet engine: [Apache Tomcat/10.1.12]
2024-03-29T11:31:30.413+08:00  INFO 30088 --- [restartedMain] o.a.c.c.C.[Tomcat].[localhost].[/]       : Initializing Spring embedded WebApplicationContext
2024-03-29T11:31:30.413+08:00  INFO 30088 --- [restartedMain] w.s.c.ServletWebServerApplicationContext : Root WebApplicationContext: initialization completed in 2452 ms
2024-03-29T11:31:32.098+08:00  INFO 30088 --- [restartedMain] org.mongodb.driver.client                : MongoClient with metadata {"driver": {"name": "mongo-java-driver|sync|spring-boot", "version": "4.9.1"}, "os": {"type": "Darwin", "name": "Mac OS X", "architecture": "x86_64", "version": "14.3.1"}, "platform": "Java/Oracle Corporation/17.0.10+11-LTS-240"} created with settings MongoClientSettings{readPreference=primary, writeConcern=WriteConcern{w=null, wTimeout=null ms, journal=null}, retryWrites=true, retryReads=true, readConcern=ReadConcern{level=null}, credential=null, streamFactoryFactory=null, commandListeners=[], codecRegistry=ProvidersCodecRegistry{codecProviders=[ValueCodecProvider{}, BsonValueCodecProvider{}, DBRefCodecProvider{}, DBObjectCodecProvider{}, DocumentCodecProvider{}, CollectionCodecProvider{}, IterableCodecProvider{}, MapCodecProvider{}, GeoJsonCodecProvider{}, GridFSFileCodecProvider{}, Jsr310CodecProvider{}, JsonObjectCodecProvider{}, BsonCodecProvider{}, EnumCodecProvider{}, com.mongodb.client.model.mql.ExpressionCodecProvider@634f9d4c, com.mongodb.Jep395RecordCodecProvider@363eb56c]}, loggerSettings=LoggerSettings{maxDocumentLength=1000}, clusterSettings={hosts=[120.48.86.143:27017], srvServiceName=mongodb, mode=SINGLE, requiredClusterType=UNKNOWN, requiredReplicaSetName='null', serverSelector='null', clusterListeners='[]', serverSelectionTimeout='30000 ms', localThreshold='30000 ms'}, socketSettings=SocketSettings{connectTimeoutMS=10000, readTimeoutMS=0, receiveBufferSize=0, sendBufferSize=0}, heartbeatSocketSettings=SocketSettings{connectTimeoutMS=10000, readTimeoutMS=10000, receiveBufferSize=0, sendBufferSize=0}, connectionPoolSettings=ConnectionPoolSettings{maxSize=100, minSize=0, maxWaitTimeMS=120000, maxConnectionLifeTimeMS=0, maxConnectionIdleTimeMS=0, maintenanceInitialDelayMS=0, maintenanceFrequencyMS=60000, connectionPoolListeners=[], maxConnecting=2}, serverSettings=ServerSettings{heartbeatFrequencyMS=10000, minHeartbeatFrequencyMS=500, serverListeners='[]', serverMonitorListeners='[]'}, sslSettings=SslSettings{enabled=false, invalidHostNameAllowed=false, context=null}, applicationName='null', compressorList=[], uuidRepresentation=JAVA_LEGACY, serverApi=null, autoEncryptionSettings=null, contextProvider=null}
2024-03-29T11:31:32.184+08:00  INFO 30088 --- [cluster-ClusterId{value='660636149bf52e112544f418', description='null'}-120.48.86.143:27017] org.mongodb.driver.cluster               : Monitor thread successfully connected to server with description ServerDescription{address=120.48.86.143:27017, type=STANDALONE, state=CONNECTED, ok=true, minWireVersion=0, maxWireVersion=17, maxDocumentSize=16777216, logicalSessionTimeoutMinutes=30, roundTripTimeNanos=87755627}
2024-03-29T11:31:32.310+08:00  INFO 30088 --- [restartedMain] o.s.b.d.a.OptionalLiveReloadServer       : LiveReload server is running on port 35729
2024-03-29T11:31:37.749+08:00  INFO 30088 --- [restartedMain] o.a.r.s.a.RocketMQAutoConfiguration      : a producer (Umbrella-Producer-Group) init on namesrv 120.48.86.143:9876
2024-03-29T11:31:37.910+08:00  INFO 30088 --- [restartedMain] com.zaxxer.hikari.HikariDataSource       : master - Starting...
2024-03-29T11:31:38.391+08:00  INFO 30088 --- [restartedMain] com.zaxxer.hikari.pool.HikariPool        : master - Added connection com.mysql.cj.jdbc.ConnectionImpl@4d441c2a
2024-03-29T11:31:38.392+08:00  INFO 30088 --- [restartedMain] com.zaxxer.hikari.HikariDataSource       : master - Start completed.
2024-03-29T11:31:38.394+08:00  INFO 30088 --- [restartedMain] com.zaxxer.hikari.HikariDataSource       : slave_1 - Starting...
2024-03-29T11:31:38.716+08:00  INFO 30088 --- [restartedMain] com.zaxxer.hikari.pool.HikariPool        : slave_1 - Added connection com.mysql.cj.jdbc.ConnectionImpl@672cc4
2024-03-29T11:31:38.716+08:00  INFO 30088 --- [restartedMain] com.zaxxer.hikari.HikariDataSource       : slave_1 - Start completed.
2024-03-29T11:31:38.716+08:00  INFO 30088 --- [restartedMain] c.b.d.d.DynamicRoutingDataSource         : dynamic-datasource - add a datasource named [master] success
2024-03-29T11:31:38.717+08:00  INFO 30088 --- [restartedMain] c.b.d.d.DynamicRoutingDataSource         : dynamic-datasource - add a datasource named [slave_1] success
2024-03-29T11:31:38.717+08:00  INFO 30088 --- [restartedMain] c.b.d.d.DynamicRoutingDataSource         : dynamic-datasource initial loaded [2] datasource,primary datasource named [master]
2024-03-29T11:31:39.191+08:00  INFO 30088 --- [restartedMain] a.r.s.s.DefaultRocketMQListenerContainer : running container: DefaultRocketMQListenerContainer{consumerGroup='Rocket_Bull_Trumpet_Topic_Group', namespace='', nameServer='120.48.86.143:9876', topic='Bull-Small-Trumpet-Topic', consumeMode=ORDERLY, selectorType=TAG, selectorExpression='*', messageModel=CLUSTERING', tlsEnable=false, instanceName=DEFAULT}
2024-03-29T11:31:39.192+08:00  INFO 30088 --- [restartedMain] ocketMQMessageListenerContainerRegistrar : Register the listener to container, listenerBeanName:bullSmallTrumpetOrderConsumer, containerBeanName:org.apache.rocketmq.spring.support.DefaultRocketMQListenerContainer_1
2024-03-29T11:31:39.427+08:00  INFO 30088 --- [restartedMain] a.r.s.s.DefaultRocketMQListenerContainer : running container: DefaultRocketMQListenerContainer{consumerGroup='Rocket_Create_Topic_Group', namespace='', nameServer='120.48.86.143:9876', topic='Rocket_Create_Topic', consumeMode=CONCURRENTLY, selectorType=TAG, selectorExpression='*', messageModel=CLUSTERING', tlsEnable=false, instanceName=DEFAULT}
2024-03-29T11:31:39.428+08:00  INFO 30088 --- [restartedMain] ocketMQMessageListenerContainerRegistrar : Register the listener to container, listenerBeanName:rocketmqConsumer, containerBeanName:org.apache.rocketmq.spring.support.DefaultRocketMQListenerContainer_2
2024-03-29T11:31:39.864+08:00  WARN 30088 --- [restartedMain] ion$DefaultTemplateResolverConfiguration : Cannot find template location: classpath:/templates/ (please add some templates, check your Thymeleaf configuration, or set spring.thymeleaf.check-template-location=false)
2024-03-29T11:31:40.857+08:00  INFO 30088 --- [restartedMain] o.s.b.w.embedded.tomcat.TomcatWebServer  : Tomcat started on port(s): 4001 (http) with context path ''
2024-03-29T11:31:40.869+08:00  INFO 30088 --- [restartedMain] com.umbrella.demo.App                    : Started App in 13.378 seconds (process running for 19.199)
2024-03-29T11:31:40.870+08:00  INFO 30088 --- [restartedMain] c.u.demo.App$ConfigPriorityRunner        : class_config
